<?xml version="1.0" encoding="UTF-8"?>
<testng-results ignored="0" total="1" passed="1" failed="0" skipped="0">
  <reporter-output>
  </reporter-output>
  <suite started-at="2023-10-11T11:57:24 IST" name="Default suite" finished-at="2023-10-11T11:58:05 IST" duration-ms="40449">
    <groups>
    </groups>
    <test started-at="2023-10-11T11:57:24 IST" name="Default test" finished-at="2023-10-11T11:58:05 IST" duration-ms="40449">
      <class name="mavenProject.SignupVerify">
        <test-method signature="signup()[pri:0, instance:mavenProject.SignupVerify@4562e04d]" started-at="2023-10-11T11:57:24 IST" name="signup" finished-at="2023-10-11T11:58:05 IST" duration-ms="40329" status="PASS">
          <reporter-output>
          </reporter-output>
        </test-method> <!-- signup -->
      </class> <!-- mavenProject.SignupVerify -->
    </test> <!-- Default test -->
  </suite> <!-- Default suite -->
</testng-results>
